[2022-10-26 13:54:54] [ INFO ] [App:22] La lista tiene mas de 5 elementos, en total tiene: 6
[2022-10-26 13:54:54] [ INFO ] [App:22] La lista tiene mas de 5 elementos, en total tiene: 7
[2022-10-26 13:54:54] [ INFO ] [App:22] La lista tiene mas de 5 elementos, en total tiene: 8
[2022-10-26 13:54:54] [ INFO ] [App:22] La lista tiene mas de 5 elementos, en total tiene: 9
[2022-10-26 13:54:54] [ INFO ] [App:22] La lista tiene mas de 5 elementos, en total tiene: 10
[2022-10-26 13:54:54] [ INFO ] [App:22] La lista tiene mas de 5 elementos, en total tiene: 11
[2022-10-26 13:54:54] [ INFO ] [App:22] La lista tiene mas de 5 elementos, en total tiene: 12
[2022-10-26 13:54:54] [ INFO ] [App:22] La lista tiene mas de 5 elementos, en total tiene: 13
[2022-10-26 13:54:54] [ INFO ] [App:22] La lista tiene mas de 5 elementos, en total tiene: 14
[2022-10-26 13:54:54] [ INFO ] [App:22] La lista tiene mas de 5 elementos, en total tiene: 15
[2022-10-26 13:55:49] [ INFO ] [App:22] La lista tiene mas de 5 elementos, en total tiene: 6
[2022-10-26 13:55:49] [ INFO ] [App:22] La lista tiene mas de 5 elementos, en total tiene: 7
[2022-10-26 13:55:49] [ INFO ] [App:22] La lista tiene mas de 5 elementos, en total tiene: 8
[2022-10-26 13:55:49] [ INFO ] [App:22] La lista tiene mas de 5 elementos, en total tiene: 9
[2022-10-26 13:55:49] [ INFO ] [App:22] La lista tiene mas de 5 elementos, en total tiene: 10
[2022-10-26 13:55:49] [ INFO ] [App:22] La lista tiene mas de 5 elementos, en total tiene: 11
[2022-10-26 13:55:49] [ INFO ] [App:22] La lista tiene mas de 5 elementos, en total tiene: 12
[2022-10-26 13:55:49] [ INFO ] [App:22] La lista tiene mas de 5 elementos, en total tiene: 13
[2022-10-26 13:55:49] [ INFO ] [App:22] La lista tiene mas de 5 elementos, en total tiene: 14
[2022-10-26 14:17:43] [ INFO ] [App:29] El promedio es: 1
[2022-10-26 14:17:43] [ INFO ] [App:29] El promedio es: 1
[2022-10-26 14:17:43] [ INFO ] [App:29] El promedio es: 2
[2022-10-26 14:17:43] [ INFO ] [App:29] El promedio es: 2
[2022-10-26 14:17:43] [ INFO ] [App:29] El promedio es: 3
[2022-10-26 14:17:43] [ INFO ] [App:22] La lista tiene mas de 5 elementos, en total tiene: 6
[2022-10-26 14:17:43] [ INFO ] [App:29] El promedio es: 3
[2022-10-26 14:17:43] [ INFO ] [App:22] La lista tiene mas de 5 elementos, en total tiene: 7
[2022-10-26 14:17:43] [ INFO ] [App:29] El promedio es: 4
[2022-10-26 14:17:43] [ INFO ] [App:22] La lista tiene mas de 5 elementos, en total tiene: 8
[2022-10-26 14:17:43] [ INFO ] [App:29] El promedio es: 4
[2022-10-26 14:17:43] [ INFO ] [App:22] La lista tiene mas de 5 elementos, en total tiene: 9
[2022-10-26 14:17:43] [ INFO ] [App:29] El promedio es: 5
[2022-10-26 14:17:43] [ INFO ] [App:22] La lista tiene mas de 5 elementos, en total tiene: 10
[2022-10-26 14:17:43] [ INFO ] [App:29] El promedio es: 5
[2022-10-26 14:17:43] [ INFO ] [App:22] La lista tiene mas de 5 elementos, en total tiene: 11
[2022-10-26 14:17:43] [ INFO ] [App:29] El promedio es: 6
[2022-10-26 14:17:43] [ INFO ] [App:22] La lista tiene mas de 5 elementos, en total tiene: 12
[2022-10-26 14:17:43] [ INFO ] [App:29] El promedio es: 6
[2022-10-26 14:17:43] [ INFO ] [App:22] La lista tiene mas de 5 elementos, en total tiene: 13
[2022-10-26 14:17:43] [ INFO ] [App:29] El promedio es: 7
[2022-10-26 14:17:43] [ INFO ] [App:22] La lista tiene mas de 5 elementos, en total tiene: 14
[2022-10-26 14:17:43] [ INFO ] [App:29] El promedio es: 7
[2022-10-26 14:19:53] [ INFO ] [App:29] El promedio es: 1.0
[2022-10-26 14:19:53] [ INFO ] [App:29] El promedio es: 1.5
[2022-10-26 14:19:53] [ INFO ] [App:29] El promedio es: 2.0
[2022-10-26 14:19:53] [ INFO ] [App:29] El promedio es: 2.5
[2022-10-26 14:19:53] [ INFO ] [App:29] El promedio es: 3.0
[2022-10-26 14:19:53] [ INFO ] [App:22] La lista tiene mas de 5 elementos, en total tiene: 6
[2022-10-26 14:19:53] [ INFO ] [App:29] El promedio es: 3.5
[2022-10-26 14:19:53] [ INFO ] [App:22] La lista tiene mas de 5 elementos, en total tiene: 7
[2022-10-26 14:19:53] [ INFO ] [App:29] El promedio es: 4.0
[2022-10-26 14:19:53] [ INFO ] [App:22] La lista tiene mas de 5 elementos, en total tiene: 8
[2022-10-26 14:19:53] [ INFO ] [App:29] El promedio es: 4.5
[2022-10-26 14:19:53] [ INFO ] [App:22] La lista tiene mas de 5 elementos, en total tiene: 9
[2022-10-26 14:19:53] [ INFO ] [App:29] El promedio es: 5.0
[2022-10-26 14:19:53] [ INFO ] [App:22] La lista tiene mas de 5 elementos, en total tiene: 10
[2022-10-26 14:19:53] [ INFO ] [App:29] El promedio es: 5.5
[2022-10-26 14:19:53] [ INFO ] [App:22] La lista tiene mas de 5 elementos, en total tiene: 11
[2022-10-26 14:19:53] [ INFO ] [App:29] El promedio es: 6.0
[2022-10-26 14:19:53] [ INFO ] [App:22] La lista tiene mas de 5 elementos, en total tiene: 12
[2022-10-26 14:19:53] [ INFO ] [App:29] El promedio es: 6.5
[2022-10-26 14:19:53] [ INFO ] [App:22] La lista tiene mas de 5 elementos, en total tiene: 13
[2022-10-26 14:19:53] [ INFO ] [App:29] El promedio es: 7.0
[2022-10-26 14:19:53] [ INFO ] [App:22] La lista tiene mas de 5 elementos, en total tiene: 14
[2022-10-26 14:19:53] [ INFO ] [App:29] El promedio es: 7.5
[2022-10-26 14:21:52] [ INFO ] [App:31] El promedio es: 1.0
[2022-10-26 14:21:52] [ INFO ] [App:31] El promedio es: 1.5
[2022-10-26 14:21:52] [ INFO ] [App:31] El promedio es: 2.0
[2022-10-26 14:21:52] [ INFO ] [App:31] El promedio es: 2.5
[2022-10-26 14:21:52] [ INFO ] [App:31] El promedio es: 3.0
[2022-10-26 14:21:52] [ INFO ] [App:24] La lista tiene mas de 5 elementos, en total tiene: 6
[2022-10-26 14:21:52] [ INFO ] [App:31] El promedio es: 3.5
[2022-10-26 14:21:52] [ INFO ] [App:24] La lista tiene mas de 5 elementos, en total tiene: 7
[2022-10-26 14:21:52] [ INFO ] [App:31] El promedio es: 4.0
[2022-10-26 14:21:52] [ INFO ] [App:24] La lista tiene mas de 5 elementos, en total tiene: 8
[2022-10-26 14:21:52] [ INFO ] [App:31] El promedio es: 4.5
[2022-10-26 14:21:52] [ INFO ] [App:24] La lista tiene mas de 5 elementos, en total tiene: 9
[2022-10-26 14:21:52] [ INFO ] [App:31] El promedio es: 5.0
[2022-10-26 14:21:52] [ INFO ] [App:24] La lista tiene mas de 5 elementos, en total tiene: 10
[2022-10-26 14:21:52] [ INFO ] [App:31] El promedio es: 5.5
[2022-10-26 14:21:52] [ INFO ] [App:24] La lista tiene mas de 5 elementos, en total tiene: 11
[2022-10-26 14:21:52] [ INFO ] [App:31] El promedio es: 6.0
[2022-10-26 14:21:52] [ INFO ] [App:24] La lista tiene mas de 5 elementos, en total tiene: 12
[2022-10-26 14:21:52] [ INFO ] [App:31] El promedio es: 6.5
[2022-10-26 14:21:52] [ INFO ] [App:24] La lista tiene mas de 5 elementos, en total tiene: 13
[2022-10-26 14:21:52] [ INFO ] [App:31] El promedio es: 7.0
[2022-10-26 14:21:52] [ INFO ] [App:24] La lista tiene mas de 5 elementos, en total tiene: 14
[2022-10-26 14:21:52] [ INFO ] [App:31] El promedio es: 7.5
[2022-10-26 14:26:21] [ INFO ] [App:29] El promedio es: 1.0
[2022-10-26 14:26:21] [ INFO ] [App:29] El promedio es: 1.5
[2022-10-26 14:26:21] [ INFO ] [App:29] El promedio es: 2.0
[2022-10-26 14:26:21] [ INFO ] [App:29] El promedio es: 2.5
[2022-10-26 14:26:21] [ INFO ] [App:29] El promedio es: 3.0
[2022-10-26 14:26:21] [ INFO ] [App:22] La lista tiene mas de 5 elementos, en total tiene: 6
[2022-10-26 14:26:21] [ INFO ] [App:29] El promedio es: 3.5
[2022-10-26 14:26:21] [ INFO ] [App:22] La lista tiene mas de 5 elementos, en total tiene: 7
[2022-10-26 14:26:21] [ INFO ] [App:29] El promedio es: 4.0
[2022-10-26 14:26:21] [ INFO ] [App:22] La lista tiene mas de 5 elementos, en total tiene: 8
[2022-10-26 14:26:21] [ INFO ] [App:29] El promedio es: 4.5
[2022-10-26 14:26:21] [ INFO ] [App:22] La lista tiene mas de 5 elementos, en total tiene: 9
[2022-10-26 14:26:21] [ INFO ] [App:29] El promedio es: 5.0
[2022-10-26 14:26:21] [ INFO ] [App:22] La lista tiene mas de 5 elementos, en total tiene: 10
[2022-10-26 14:26:21] [ INFO ] [App:29] El promedio es: 5.5
[2022-10-26 14:26:21] [ INFO ] [App:22] La lista tiene mas de 5 elementos, en total tiene: 11
[2022-10-26 14:26:21] [ INFO ] [App:29] El promedio es: 6.0
[2022-10-26 14:26:21] [ INFO ] [App:22] La lista tiene mas de 5 elementos, en total tiene: 12
[2022-10-26 14:26:21] [ INFO ] [App:29] El promedio es: 6.5
[2022-10-26 14:26:21] [ INFO ] [App:22] La lista tiene mas de 5 elementos, en total tiene: 13
[2022-10-26 14:26:21] [ INFO ] [App:29] El promedio es: 7.0
[2022-10-26 14:26:21] [ INFO ] [App:22] La lista tiene mas de 5 elementos, en total tiene: 14
[2022-10-26 14:26:21] [ INFO ] [App:29] El promedio es: 7.5
[2022-10-26 14:29:00] [ INFO ] [App:34] El promedio es: 1.0
[2022-10-26 14:29:00] [ INFO ] [App:34] El promedio es: 1.5
[2022-10-26 14:29:00] [ INFO ] [App:34] El promedio es: 2.0
[2022-10-26 14:29:00] [ INFO ] [App:34] El promedio es: 2.5
[2022-10-26 14:29:00] [ INFO ] [App:34] El promedio es: 3.0
[2022-10-26 14:29:00] [ INFO ] [App:22] La lista tiene mas de 5 elementos, en total tiene: 6
[2022-10-26 14:29:00] [ INFO ] [App:27] La lista tiene mas de 10 elementos, en total tiene: 6
[2022-10-26 14:29:00] [ INFO ] [App:34] El promedio es: 3.5
[2022-10-26 14:29:00] [ INFO ] [App:22] La lista tiene mas de 5 elementos, en total tiene: 7
[2022-10-26 14:29:00] [ INFO ] [App:27] La lista tiene mas de 10 elementos, en total tiene: 7
[2022-10-26 14:29:00] [ INFO ] [App:34] El promedio es: 4.0
[2022-10-26 14:29:00] [ INFO ] [App:22] La lista tiene mas de 5 elementos, en total tiene: 8
[2022-10-26 14:29:00] [ INFO ] [App:27] La lista tiene mas de 10 elementos, en total tiene: 8
[2022-10-26 14:29:00] [ INFO ] [App:34] El promedio es: 4.5
[2022-10-26 14:29:00] [ INFO ] [App:22] La lista tiene mas de 5 elementos, en total tiene: 9
[2022-10-26 14:29:00] [ INFO ] [App:27] La lista tiene mas de 10 elementos, en total tiene: 9
[2022-10-26 14:29:00] [ INFO ] [App:34] El promedio es: 5.0
[2022-10-26 14:29:00] [ INFO ] [App:22] La lista tiene mas de 5 elementos, en total tiene: 10
[2022-10-26 14:29:00] [ INFO ] [App:27] La lista tiene mas de 10 elementos, en total tiene: 10
[2022-10-26 14:29:00] [ INFO ] [App:34] El promedio es: 5.5
[2022-10-26 14:29:00] [ INFO ] [App:22] La lista tiene mas de 5 elementos, en total tiene: 11
[2022-10-26 14:29:00] [ INFO ] [App:27] La lista tiene mas de 10 elementos, en total tiene: 11
[2022-10-26 14:29:00] [ INFO ] [App:34] El promedio es: 6.0
[2022-10-26 14:29:00] [ INFO ] [App:22] La lista tiene mas de 5 elementos, en total tiene: 12
[2022-10-26 14:29:00] [ INFO ] [App:27] La lista tiene mas de 10 elementos, en total tiene: 12
[2022-10-26 14:29:00] [ INFO ] [App:34] El promedio es: 6.5
[2022-10-26 14:29:00] [ INFO ] [App:22] La lista tiene mas de 5 elementos, en total tiene: 13
[2022-10-26 14:29:00] [ INFO ] [App:27] La lista tiene mas de 10 elementos, en total tiene: 13
[2022-10-26 14:29:00] [ INFO ] [App:34] El promedio es: 7.0
[2022-10-26 14:29:00] [ INFO ] [App:22] La lista tiene mas de 5 elementos, en total tiene: 14
[2022-10-26 14:29:00] [ INFO ] [App:27] La lista tiene mas de 10 elementos, en total tiene: 14
[2022-10-26 14:29:00] [ INFO ] [App:34] El promedio es: 7.5
[2022-10-26 14:34:04] [ INFO ] [App:34] El promedio es: 1.0
[2022-10-26 14:34:04] [ INFO ] [App:34] El promedio es: 1.5
[2022-10-26 14:34:04] [ INFO ] [App:34] El promedio es: 2.0
[2022-10-26 14:34:04] [ INFO ] [App:34] El promedio es: 2.5
[2022-10-26 14:34:04] [ INFO ] [App:34] El promedio es: 3.0
[2022-10-26 14:34:04] [ INFO ] [App:22] La lista tiene mas de 5 elementos, en total tiene: 6
[2022-10-26 14:34:04] [ INFO ] [App:34] El promedio es: 3.5
[2022-10-26 14:34:04] [ INFO ] [App:22] La lista tiene mas de 5 elementos, en total tiene: 7
[2022-10-26 14:34:04] [ INFO ] [App:34] El promedio es: 4.0
[2022-10-26 14:34:04] [ INFO ] [App:22] La lista tiene mas de 5 elementos, en total tiene: 8
[2022-10-26 14:34:04] [ INFO ] [App:34] El promedio es: 4.5
[2022-10-26 14:34:04] [ INFO ] [App:22] La lista tiene mas de 5 elementos, en total tiene: 9
[2022-10-26 14:34:04] [ INFO ] [App:34] El promedio es: 5.0
[2022-10-26 14:34:04] [ INFO ] [App:34] El promedio es: 5.5
[2022-10-26 14:34:04] [ INFO ] [App:27] La lista tiene mas de 10 elementos, en total tiene: 11
[2022-10-26 14:34:04] [ INFO ] [App:34] El promedio es: 6.0
[2022-10-26 14:34:04] [ INFO ] [App:27] La lista tiene mas de 10 elementos, en total tiene: 12
[2022-10-26 14:34:04] [ INFO ] [App:34] El promedio es: 6.5
[2022-10-26 14:34:04] [ INFO ] [App:27] La lista tiene mas de 10 elementos, en total tiene: 13
[2022-10-26 14:34:04] [ INFO ] [App:34] El promedio es: 7.0
[2022-10-26 14:34:04] [ INFO ] [App:27] La lista tiene mas de 10 elementos, en total tiene: 14
[2022-10-26 14:34:04] [ INFO ] [App:34] El promedio es: 7.5
[2022-10-26 14:34:38] [ INFO ] [App:34] El promedio es: 1.0
[2022-10-26 14:34:38] [ INFO ] [App:34] El promedio es: 1.5
[2022-10-26 14:34:38] [ INFO ] [App:34] El promedio es: 2.0
[2022-10-26 14:34:38] [ INFO ] [App:34] El promedio es: 2.5
[2022-10-26 14:34:38] [ INFO ] [App:34] El promedio es: 3.0
[2022-10-26 14:34:38] [ INFO ] [App:22] La lista tiene mas de 5 elementos, en total tiene: 6
[2022-10-26 14:34:38] [ INFO ] [App:34] El promedio es: 3.5
[2022-10-26 14:34:38] [ INFO ] [App:22] La lista tiene mas de 5 elementos, en total tiene: 7
[2022-10-26 14:34:38] [ INFO ] [App:34] El promedio es: 4.0
[2022-10-26 14:34:38] [ INFO ] [App:22] La lista tiene mas de 5 elementos, en total tiene: 8
[2022-10-26 14:34:38] [ INFO ] [App:34] El promedio es: 4.5
[2022-10-26 14:34:38] [ INFO ] [App:22] La lista tiene mas de 5 elementos, en total tiene: 9
[2022-10-26 14:34:38] [ INFO ] [App:34] El promedio es: 5.0
[2022-10-26 14:34:38] [ INFO ] [App:22] La lista tiene mas de 5 elementos, en total tiene: 10
[2022-10-26 14:34:38] [ INFO ] [App:34] El promedio es: 5.5
[2022-10-26 14:34:38] [ INFO ] [App:27] La lista tiene mas de 10 elementos, en total tiene: 11
[2022-10-26 14:34:38] [ INFO ] [App:34] El promedio es: 6.0
[2022-10-26 14:34:38] [ INFO ] [App:27] La lista tiene mas de 10 elementos, en total tiene: 12
[2022-10-26 14:34:38] [ INFO ] [App:34] El promedio es: 6.5
[2022-10-26 14:34:38] [ INFO ] [App:27] La lista tiene mas de 10 elementos, en total tiene: 13
[2022-10-26 14:34:38] [ INFO ] [App:34] El promedio es: 7.0
[2022-10-26 14:34:38] [ INFO ] [App:27] La lista tiene mas de 10 elementos, en total tiene: 14
[2022-10-26 14:34:38] [ INFO ] [App:34] El promedio es: 7.5[2022-10-26 14:58:26] [ INFO ] [App:34] El promedio es: 1.0
[2022-10-26 14:58:26] [ INFO ] [App:34] El promedio es: 1.5
[2022-10-26 14:58:26] [ INFO ] [App:34] El promedio es: 2.0
[2022-10-26 14:58:26] [ INFO ] [App:34] El promedio es: 2.5
[2022-10-26 14:58:26] [ INFO ] [App:34] El promedio es: 3.0
[2022-10-26 14:58:26] [ INFO ] [App:22] La lista tiene mas de 5 elementos, en total tiene: 6
[2022-10-26 14:58:26] [ INFO ] [App:34] El promedio es: 3.5
[2022-10-26 14:58:26] [ INFO ] [App:22] La lista tiene mas de 5 elementos, en total tiene: 7
[2022-10-26 14:58:26] [ INFO ] [App:34] El promedio es: 4.0
[2022-10-26 14:58:26] [ INFO ] [App:22] La lista tiene mas de 5 elementos, en total tiene: 8
[2022-10-26 14:58:26] [ INFO ] [App:34] El promedio es: 4.5
[2022-10-26 14:58:26] [ INFO ] [App:22] La lista tiene mas de 5 elementos, en total tiene: 9
[2022-10-26 14:58:26] [ INFO ] [App:34] El promedio es: 5.0
[2022-10-26 14:58:26] [ INFO ] [App:22] La lista tiene mas de 5 elementos, en total tiene: 10
[2022-10-26 14:58:26] [ INFO ] [App:34] El promedio es: 5.5
[2022-10-26 14:58:26] [ INFO ] [App:27] La lista tiene mas de 10 elementos, en total tiene: 11
[2022-10-26 14:58:26] [ INFO ] [App:34] El promedio es: 6.0
[2022-10-26 14:58:26] [ INFO ] [App:27] La lista tiene mas de 10 elementos, en total tiene: 12
[2022-10-26 14:58:26] [ INFO ] [App:34] El promedio es: 6.5
[2022-10-26 14:58:26] [ INFO ] [App:27] La lista tiene mas de 10 elementos, en total tiene: 13
[2022-10-26 14:58:26] [ INFO ] [App:34] El promedio es: 7.0
[2022-10-26 14:58:26] [ INFO ] [App:27] La lista tiene mas de 10 elementos, en total tiene: 14
[2022-10-26 14:58:26] [ INFO ] [App:34] El promedio es: 7.5
[2022-10-26 14:59:30] [ INFO ] [App:34] El promedio es: 1.0
[2022-10-26 14:59:30] [ INFO ] [App:34] El promedio es: 1.5
[2022-10-26 14:59:30] [ INFO ] [App:34] El promedio es: 2.0
[2022-10-26 14:59:30] [ INFO ] [App:34] El promedio es: 2.5
[2022-10-26 14:59:30] [ INFO ] [App:34] El promedio es: 3.0
[2022-10-26 14:59:30] [ INFO ] [App:22] La lista tiene mas de 5 elementos, en total tiene: 6
[2022-10-26 14:59:30] [ INFO ] [App:34] El promedio es: 3.5
[2022-10-26 14:59:30] [ INFO ] [App:22] La lista tiene mas de 5 elementos, en total tiene: 7
[2022-10-26 14:59:30] [ INFO ] [App:34] El promedio es: 4.0
[2022-10-26 14:59:30] [ INFO ] [App:22] La lista tiene mas de 5 elementos, en total tiene: 8
[2022-10-26 14:59:30] [ INFO ] [App:34] El promedio es: 4.5
[2022-10-26 14:59:30] [ INFO ] [App:22] La lista tiene mas de 5 elementos, en total tiene: 9
[2022-10-26 14:59:30] [ INFO ] [App:34] El promedio es: 5.0
[2022-10-26 14:59:30] [ INFO ] [App:22] La lista tiene mas de 5 elementos, en total tiene: 10
[2022-10-26 14:59:30] [ INFO ] [App:34] El promedio es: 5.5
[2022-10-26 14:59:30] [ INFO ] [App:27] La lista tiene mas de 10 elementos, en total tiene: 11
[2022-10-26 14:59:30] [ INFO ] [App:34] El promedio es: 6.0
[2022-10-26 14:59:30] [ INFO ] [App:27] La lista tiene mas de 10 elementos, en total tiene: 12
[2022-10-26 14:59:30] [ INFO ] [App:34] El promedio es: 6.5
[2022-10-26 14:59:30] [ INFO ] [App:27] La lista tiene mas de 10 elementos, en total tiene: 13
[2022-10-26 14:59:30] [ INFO ] [App:34] El promedio es: 7.0
[2022-10-26 14:59:30] [ INFO ] [App:27] La lista tiene mas de 10 elementos, en total tiene: 14
[2022-10-26 14:59:30] [ INFO ] [App:34] El promedio es: 7.5
[2022-10-26 14:59:30] [ INFO ] [App:56] El minimo es: 1
[2022-10-26 15:00:14] [ INFO ] [App:34] El promedio es: 1.0
[2022-10-26 15:00:14] [ INFO ] [App:34] El promedio es: 1.5
[2022-10-26 15:00:14] [ INFO ] [App:34] El promedio es: 2.0
[2022-10-26 15:00:14] [ INFO ] [App:34] El promedio es: 2.5
[2022-10-26 15:00:14] [ INFO ] [App:34] El promedio es: 3.0
[2022-10-26 15:00:14] [ INFO ] [App:22] La lista tiene mas de 5 elementos, en total tiene: 6
[2022-10-26 15:00:14] [ INFO ] [App:34] El promedio es: 3.5
[2022-10-26 15:00:14] [ INFO ] [App:22] La lista tiene mas de 5 elementos, en total tiene: 7
[2022-10-26 15:00:14] [ INFO ] [App:34] El promedio es: 4.0
[2022-10-26 15:00:14] [ INFO ] [App:22] La lista tiene mas de 5 elementos, en total tiene: 8
[2022-10-26 15:00:14] [ INFO ] [App:34] El promedio es: 4.5
[2022-10-26 15:00:14] [ INFO ] [App:22] La lista tiene mas de 5 elementos, en total tiene: 9
[2022-10-26 15:00:14] [ INFO ] [App:34] El promedio es: 5.0
[2022-10-26 15:00:14] [ INFO ] [App:22] La lista tiene mas de 5 elementos, en total tiene: 10
[2022-10-26 15:00:14] [ INFO ] [App:34] El promedio es: 5.5
[2022-10-26 15:00:14] [ INFO ] [App:27] La lista tiene mas de 10 elementos, en total tiene: 11
[2022-10-26 15:00:14] [ INFO ] [App:34] El promedio es: 6.0
[2022-10-26 15:00:14] [ INFO ] [App:27] La lista tiene mas de 10 elementos, en total tiene: 12
[2022-10-26 15:00:14] [ INFO ] [App:34] El promedio es: 6.5
[2022-10-26 15:00:14] [ INFO ] [App:27] La lista tiene mas de 10 elementos, en total tiene: 13
[2022-10-26 15:00:14] [ INFO ] [App:34] El promedio es: 7.0
[2022-10-26 15:00:14] [ INFO ] [App:27] La lista tiene mas de 10 elementos, en total tiene: 14
[2022-10-26 15:00:14] [ INFO ] [App:34] El promedio es: 7.5
[2022-10-26 15:00:14] [ INFO ] [App:56] El minimo es: 1
[2022-10-26 15:00:14] [ INFO ] [App:43] La lista no contiene ningun elemento.
[2022-10-26 15:00:42] [ INFO ] [App:34] El promedio es: 1.0
[2022-10-26 15:00:42] [ INFO ] [App:34] El promedio es: 1.5
[2022-10-26 15:00:42] [ INFO ] [App:34] El promedio es: 2.0
[2022-10-26 15:00:42] [ INFO ] [App:34] El promedio es: 2.5
[2022-10-26 15:00:42] [ INFO ] [App:34] El promedio es: 3.0
[2022-10-26 15:00:42] [ INFO ] [App:22] La lista tiene mas de 5 elementos, en total tiene: 6
[2022-10-26 15:00:42] [ INFO ] [App:34] El promedio es: 3.5
[2022-10-26 15:00:42] [ INFO ] [App:22] La lista tiene mas de 5 elementos, en total tiene: 7
[2022-10-26 15:00:42] [ INFO ] [App:34] El promedio es: 4.0
[2022-10-26 15:00:42] [ INFO ] [App:22] La lista tiene mas de 5 elementos, en total tiene: 8
[2022-10-26 15:00:42] [ INFO ] [App:34] El promedio es: 4.5
[2022-10-26 15:00:42] [ INFO ] [App:22] La lista tiene mas de 5 elementos, en total tiene: 9
[2022-10-26 15:00:42] [ INFO ] [App:34] El promedio es: 5.0
[2022-10-26 15:00:42] [ INFO ] [App:22] La lista tiene mas de 5 elementos, en total tiene: 10
[2022-10-26 15:00:42] [ INFO ] [App:34] El promedio es: 5.5
[2022-10-26 15:00:42] [ INFO ] [App:27] La lista tiene mas de 10 elementos, en total tiene: 11
[2022-10-26 15:00:42] [ INFO ] [App:34] El promedio es: 6.0
[2022-10-26 15:00:42] [ INFO ] [App:27] La lista tiene mas de 10 elementos, en total tiene: 12
[2022-10-26 15:00:42] [ INFO ] [App:34] El promedio es: 6.5
[2022-10-26 15:00:42] [ INFO ] [App:27] La lista tiene mas de 10 elementos, en total tiene: 13
[2022-10-26 15:00:42] [ INFO ] [App:34] El promedio es: 7.0
[2022-10-26 15:00:42] [ INFO ] [App:27] La lista tiene mas de 10 elementos, en total tiene: 14
[2022-10-26 15:00:42] [ INFO ] [App:34] El promedio es: 7.5
[2022-10-26 15:00:42] [ INFO ] [App:56] El minimo es: 14
[2022-10-26 15:00:42] [ INFO ] [App:43] La lista no contiene ningun elemento.
